<?xml version="1.0" encoding="UTF-8"?>
<testsuite xmlns:xsi="http://www.w3.org/2001/XMLSchema-instance" xsi:noNamespaceSchemaLocation="https://maven.apache.org/surefire/maven-surefire-plugin/xsd/surefire-test-report-3.0.xsd" version="3.0" name="io.logistics.statusrules.EngineTest" time="0.085" tests="10" errors="0" skipped="0" failures="0">
  <properties>
[...]
</properties>
  <testcase name="overrideWithOperatorIdIsValid" classname="io.logistics.statusrules.EngineTest" time="0.008"/>
  <testcase name="validForwardTransition" classname="io.logistics.statusrules.EngineTest" time="0.001"/>
  <testcase name="wildcardDamagedFromOutForDelivery" classname="io.logistics.statusrules.EngineTest" time="0.001"/>
  <testcase name="terminalStatusIsRejected" classname="io.logistics.statusrules.EngineTest" time="0.001"/>
  <testcase name="permittedTransitionsNonEmpty" classname="io.logistics.statusrules.EngineTest" time="0.0"/>
  <testcase name="nullStatusReturnsZeroValueStatus" classname="io.logistics.statusrules.EngineTest" time="0.0"/>
  <testcase name="specVersionIsCorrect" classname="io.logistics.statusrules.EngineTest" time="0.001"/>
  <testcase name="invalidTransition" classname="io.logistics.statusrules.EngineTest" time="0.004"/>
  <testcase name="validateInitialDraftForward" classname="io.logistics.statusrules.EngineTest" time="0.0"/>
  <testcase name="overrideWithoutOperatorIdIsRejected" classname="io.logistics.statusrules.EngineTest" time="0.001"/>
</testsuite>